  Game.cpp
  GeneralGame.cpp
  GUIManager.cpp
C:\Users\Feral\OneDrive\Documents\Visual Studio 2019\Projects\Sprint0\GUIManager.cpp(88,22): warning C4244: 'initializing': conversion from 'double' to 'float', possible loss of data
  imgui.cpp
  imgui_demo.cpp
  imgui_draw.cpp
  imgui_impl_glfw.cpp
  imgui_impl_opengl3.cpp
  imgui_tables.cpp
  imgui_widgets.cpp
  main.cpp
C:\Users\Feral\OneDrive\Documents\Visual Studio 2019\Projects\Sprint0\main.cpp(86,60): warning C4244: 'argument': conversion from 'int' to 'float', possible loss of data
C:\Users\Feral\OneDrive\Documents\Visual Studio 2019\Projects\Sprint0\main.cpp(115,53): warning C4244: 'argument': conversion from 'int' to 'float', possible loss of data
C:\Users\Feral\OneDrive\Documents\Visual Studio 2019\Projects\Sprint0\main.cpp(116,63): warning C4244: 'argument': conversion from 'int' to 'float', possible loss of data
C:\Users\Feral\OneDrive\Documents\Visual Studio 2019\Projects\Sprint0\main.cpp(116,58): warning C4244: 'argument': conversion from 'int' to 'float', possible loss of data
  SimpleGame.cpp
  Generating Code...
LINK : warning LNK4098: defaultlib 'MSVCRT' conflicts with use of other libs; use /NODEFAULTLIB:library
  Sprint0.vcxproj -> C:\Users\Feral\OneDrive\Documents\Visual Studio 2019\Projects\Sprint0\Debug\Sprint0.exe
