c:\users\feral\onedrive\documents\visual studio 2019\projects\sprint0\debug\vc142.pdb
c:\users\feral\onedrive\documents\visual studio 2019\projects\sprint0\debug\vc142.idb
c:\users\feral\onedrive\documents\visual studio 2019\projects\sprint0\debug\simplegame.obj
c:\users\feral\onedrive\documents\visual studio 2019\projects\sprint0\debug\main.obj
c:\users\feral\onedrive\documents\visual studio 2019\projects\sprint0\debug\imgui_widgets.obj
c:\users\feral\onedrive\documents\visual studio 2019\projects\sprint0\debug\imgui_tables.obj
c:\users\feral\onedrive\documents\visual studio 2019\projects\sprint0\debug\imgui_impl_opengl3.obj
c:\users\feral\onedrive\documents\visual studio 2019\projects\sprint0\debug\imgui_impl_glfw.obj
c:\users\feral\onedrive\documents\visual studio 2019\projects\sprint0\debug\imgui_draw.obj
c:\users\feral\onedrive\documents\visual studio 2019\projects\sprint0\debug\imgui_demo.obj
c:\users\feral\onedrive\documents\visual studio 2019\projects\sprint0\debug\imgui.obj
c:\users\feral\onedrive\documents\visual studio 2019\projects\sprint0\debug\guimanager.obj
c:\users\feral\onedrive\documents\visual studio 2019\projects\sprint0\debug\generalgame.obj
c:\users\feral\onedrive\documents\visual studio 2019\projects\sprint0\debug\game.obj
c:\users\feral\onedrive\documents\visual studio 2019\projects\sprint0\debug\sprint0.ilk
c:\users\feral\onedrive\documents\visual studio 2019\projects\sprint0\debug\sprint0.exe
c:\users\feral\onedrive\documents\visual studio 2019\projects\sprint0\debug\sprint0.pdb
c:\users\feral\onedrive\documents\visual studio 2019\projects\sprint0\debug\sos_tests.exp
c:\users\feral\onedrive\documents\visual studio 2019\projects\sprint0\debug\sos_tests.pdb
c:\users\feral\onedrive\documents\visual studio 2019\projects\sprint0\debug\sprint0.tlog\cl.command.1.tlog
c:\users\feral\onedrive\documents\visual studio 2019\projects\sprint0\debug\sprint0.tlog\cl.read.1.tlog
c:\users\feral\onedrive\documents\visual studio 2019\projects\sprint0\debug\sprint0.tlog\cl.write.1.tlog
c:\users\feral\onedrive\documents\visual studio 2019\projects\sprint0\debug\sprint0.tlog\link.command.1.tlog
c:\users\feral\onedrive\documents\visual studio 2019\projects\sprint0\debug\sprint0.tlog\link.read.1.tlog
c:\users\feral\onedrive\documents\visual studio 2019\projects\sprint0\debug\sprint0.tlog\link.write.1.tlog
